{"C:\\Users\\user\\Desktop\\JavaScript\\Auto_test_generator\\samplecode.js": {"path":"C:\\Users\\user\\Desktop\\JavaScript\\Auto_test_generator\\samplecode.js","statementMap":{"0":{"start":{"line":3,"column":2},"end":{"line":3,"column":23}},"1":{"start":{"line":4,"column":2},"end":{"line":4,"column":21}},"2":{"start":{"line":8,"column":2},"end":{"line":8,"column":21}},"3":{"start":{"line":12,"column":2},"end":{"line":12,"column":18}},"4":{"start":{"line":16,"column":0},"end":{"line":16,"column":27}}},"fnMap":{"0":{"name":"(anonymous_0)","decl":{"start":{"line":2,"column":1},"end":{"line":2,"column":2}},"loc":{"start":{"line":2,"column":28},"end":{"line":5,"column":2}},"line":2},"1":{"name":"(anonymous_1)","decl":{"start":{"line":7,"column":1},"end":{"line":7,"column":2}},"loc":{"start":{"line":7,"column":13},"end":{"line":9,"column":2}},"line":7},"2":{"name":"(anonymous_2)","decl":{"start":{"line":11,"column":1},"end":{"line":11,"column":2}},"loc":{"start":{"line":11,"column":14},"end":{"line":13,"column":2}},"line":11}},"branchMap":{},"s":{"0":3,"1":3,"2":1,"3":1,"4":1},"f":{"0":3,"1":1,"2":1},"b":{},"_coverageSchema":"1a1c01bbd47fc00a2c39e90264f33305004495a9","hash":"9110da3ef434c623a8e6be4fdd0a2a89bf21a5c3"}
}
