TN:
SF:samplecode.js
FN:2,(anonymous_0)
FN:7,(anonymous_1)
FN:11,(anonymous_2)
FN:15,(anonymous_3)
FN:18,(anonymous_4)
FN:21,(anonymous_5)
FN:24,(anonymous_6)
FN:27,(anonymous_7)
FN:30,(anonymous_8)
FN:33,(anonymous_9)
FN:40,(anonymous_10)
FNF:11
FNH:11
FNDA:15,(anonymous_0)
FNDA:3,(anonymous_1)
FNDA:1,(anonymous_2)
FNDA:1,(anonymous_3)
FNDA:1,(anonymous_4)
FNDA:1,(anonymous_5)
FNDA:1,(anonymous_6)
FNDA:1,(anonymous_7)
FNDA:1,(anonymous_8)
FNDA:3,(anonymous_9)
FNDA:3,(anonymous_10)
DA:3,15
DA:4,15
DA:8,3
DA:12,1
DA:16,1
DA:19,1
DA:22,1
DA:25,1
DA:28,1
DA:31,1
DA:34,3
DA:35,2
DA:37,1
DA:41,3
DA:42,2
DA:44,1
DA:49,1
LF:17
LH:17
BRDA:34,0,0,2
BRDA:34,0,1,1
BRDA:41,1,0,2
BRDA:41,1,1,1
BRF:4
BRH:4
end_of_record
